{
  "stats": {
    "suites": 1,
    "tests": 15,
    "passes": 0,
    "pending": 0,
    "failures": 15,
    "start": "2024-12-29T21:07:58.259Z",
    "end": "2024-12-29T21:08:04.072Z",
    "duration": 5813,
    "testsRegistered": 15,
    "passPercent": 0,
    "pendingPercent": 0,
    "other": 0,
    "hasOther": false,
    "skipped": 0,
    "hasSkipped": false
  },
  "results": [
    {
      "uuid": "be8624e7-2f50-4d0b-ab63-b559576e1470",
      "title": "",
      "fullFile": ".github/workflows/cypress/e2e/test.cy.js",
      "file": ".github/workflows/cypress/e2e/test.cy.js",
      "beforeHooks": [],
      "afterHooks": [],
      "tests": [],
      "suites": [
        {
          "uuid": "570013b8-b132-4181-8fc1-3d57cead8dc4",
          "title": "Blog App ",
          "fullFile": "",
          "file": "",
          "beforeHooks": [],
          "afterHooks": [],
          "tests": [
            {
              "title": "should allow a user to register - marks 0.5",
              "fullTitle": "Blog App  should allow a user to register - marks 0.5",
              "timedOut": null,
              "duration": 202,
              "state": "failed",
              "speed": null,
              "pass": false,
              "fail": true,
              "pending": false,
              "context": null,
              "code": "// Visiting the registration page\ncy.visit(\"/user/signup\");\n// Fill in the registration form with valid data\ncy.get(\"#username\").type(\"Tester\");\ncy.get(\"#email\").type(\"TestinUser@gmail.com\");\ncy.get(\"#password\").type(\"Testing\");\ncy.get(\"#role\").select(\"user\");\n// Submit the form\ncy.get(\"#form\").submit();\n// Assertions after registration\ncy.contains(\"Account created successfully Tester\").should(\"be.visible\");\ncy.getCookie(\"id\").should(\"exist\");\ncy.getCookie(\"role\").should(\"exist\");\ncy.getCookie(\"id\").then(cookie => {\n  idCookie = cookie.value;\n});\ncy.getCookie(\"role\").then(cookie => {\n  roleCookie = cookie.value;\n});",
              "err": {
                "message": "CypressError: `cy.visit()` failed trying to load:\n\nhttp://localhost:8090/user/signup\n\nThe response we received from your web server was:\n\n  > 404: Not Found\n\nThis was considered a failure because the status code was not `2xx`.\n\nIf you do not want status codes to cause failures pass the option: `failOnStatusCode: false`",
                "estack": "CypressError: `cy.visit()` failed trying to load:\n\nhttp://localhost:8090/user/signup\n\nThe response we received from your web server was:\n\n  > 404: Not Found\n\nThis was considered a failure because the status code was not `2xx`.\n\nIf you do not want status codes to cause failures pass the option: `failOnStatusCode: false`\n    at <unknown> (http://localhost:8090/__cypress/runner/cypress_runner.js:131591:76)\n    at visitFailedByErr (http://localhost:8090/__cypress/runner/cypress_runner.js:131006:12)\n    at <unknown> (http://localhost:8090/__cypress/runner/cypress_runner.js:131574:13)\n    at tryCatcher (http://localhost:8090/__cypress/runner/cypress_runner.js:1830:23)\n    at Promise._settlePromiseFromHandler (http://localhost:8090/__cypress/runner/cypress_runner.js:1542:31)\n    at Promise._settlePromise (http://localhost:8090/__cypress/runner/cypress_runner.js:1599:18)\n    at Promise._settlePromise0 (http://localhost:8090/__cypress/runner/cypress_runner.js:1644:10)\n    at Promise._settlePromises (http://localhost:8090/__cypress/runner/cypress_runner.js:1720:18)\n    at _drainQueueStep (http://localhost:8090/__cypress/runner/cypress_runner.js:2430:12)\n    at _drainQueue (http://localhost:8090/__cypress/runner/cypress_runner.js:2423:9)\n    at Async._drainQueues (http://localhost:8090/__cypress/runner/cypress_runner.js:2439:5)\n    at Async.drainQueues (http://localhost:8090/__cypress/runner/cypress_runner.js:2309:14)\nFrom Your Spec Code:\n    at Context.eval (webpack:///./cypress/e2e/test.cy.js:8:7)",
                "diff": null
              },
              "uuid": "15cc01fd-25fd-4148-bcac-7f41ae13989f",
              "parentUUID": "570013b8-b132-4181-8fc1-3d57cead8dc4",
              "isHook": false,
              "skipped": false
            },
            {
              "title": "should handle invalid credentials - marks 0.5",
              "fullTitle": "Blog App  should handle invalid credentials - marks 0.5",
              "timedOut": null,
              "duration": 173,
              "state": "failed",
              "speed": null,
              "pass": false,
              "fail": true,
              "pending": false,
              "context": null,
              "code": "// Visiting the login page\ncy.visit(\"/user/login\");\n// Fill in the login form with invalid credentials\ncy.get(\"#email\").type(\"invaliduser@example.com\");\ncy.get(\"#password\").type(\"invalidpassword\");\ncy.get(\"#form\").submit();\n// Assertion for handling invalid credentials\ncy.contains(\"Invalid Credentials.\").should(\"be.visible\");",
              "err": {
                "message": "CypressError: `cy.visit()` failed trying to load:\n\nhttp://localhost:8090/user/login\n\nThe response we received from your web server was:\n\n  > 404: Not Found\n\nThis was considered a failure because the status code was not `2xx`.\n\nIf you do not want status codes to cause failures pass the option: `failOnStatusCode: false`",
                "estack": "CypressError: `cy.visit()` failed trying to load:\n\nhttp://localhost:8090/user/login\n\nThe response we received from your web server was:\n\n  > 404: Not Found\n\nThis was considered a failure because the status code was not `2xx`.\n\nIf you do not want status codes to cause failures pass the option: `failOnStatusCode: false`\n    at <unknown> (http://localhost:8090/__cypress/runner/cypress_runner.js:131591:76)\n    at visitFailedByErr (http://localhost:8090/__cypress/runner/cypress_runner.js:131006:12)\n    at <unknown> (http://localhost:8090/__cypress/runner/cypress_runner.js:131574:13)\n    at tryCatcher (http://localhost:8090/__cypress/runner/cypress_runner.js:1830:23)\n    at Promise._settlePromiseFromHandler (http://localhost:8090/__cypress/runner/cypress_runner.js:1542:31)\n    at Promise._settlePromise (http://localhost:8090/__cypress/runner/cypress_runner.js:1599:18)\n    at Promise._settlePromise0 (http://localhost:8090/__cypress/runner/cypress_runner.js:1644:10)\n    at Promise._settlePromises (http://localhost:8090/__cypress/runner/cypress_runner.js:1720:18)\n    at _drainQueueStep (http://localhost:8090/__cypress/runner/cypress_runner.js:2430:12)\n    at _drainQueue (http://localhost:8090/__cypress/runner/cypress_runner.js:2423:9)\n    at Async._drainQueues (http://localhost:8090/__cypress/runner/cypress_runner.js:2439:5)\n    at Async.drainQueues (http://localhost:8090/__cypress/runner/cypress_runner.js:2309:14)\nFrom Your Spec Code:\n    at Context.eval (webpack:///./cypress/e2e/test.cy.js:33:7)",
                "diff": null
              },
              "uuid": "fb335617-308d-4d65-ac1a-de5e670f31ac",
              "parentUUID": "570013b8-b132-4181-8fc1-3d57cead8dc4",
              "isHook": false,
              "skipped": false
            },
            {
              "title": "should allow a user to log in with valid credentials - marks 1",
              "fullTitle": "Blog App  should allow a user to log in with valid credentials - marks 1",
              "timedOut": null,
              "duration": 187,
              "state": "failed",
              "speed": null,
              "pass": false,
              "fail": true,
              "pending": false,
              "context": null,
              "code": "// Visiting the login page\ncy.visit(\"/user/login\");\n// Fill in the login form with valid credentials\ncy.get(\"#email\").type(\"TestinUser@gmail.com\");\ncy.get(\"#password\").type(\"Testing\");\n// Submit the form\ncy.get(\"#form\").submit();\n// Assertions after login\ncy.contains(\"Welcome User Tester\").should(\"be.visible\");\ncy.getCookie(\"id\").should(\"exist\");\ncy.getCookie(\"role\").should(\"exist\");\ncy.getCookie(\"id\").then(cookie => {\n  idCookie = cookie.value;\n});\ncy.getCookie(\"role\").then(cookie => {\n  roleCookie = cookie.value;\n});",
              "err": {
                "message": "CypressError: `cy.visit()` failed trying to load:\n\nhttp://localhost:8090/user/login\n\nThe response we received from your web server was:\n\n  > 404: Not Found\n\nThis was considered a failure because the status code was not `2xx`.\n\nIf you do not want status codes to cause failures pass the option: `failOnStatusCode: false`",
                "estack": "CypressError: `cy.visit()` failed trying to load:\n\nhttp://localhost:8090/user/login\n\nThe response we received from your web server was:\n\n  > 404: Not Found\n\nThis was considered a failure because the status code was not `2xx`.\n\nIf you do not want status codes to cause failures pass the option: `failOnStatusCode: false`\n    at <unknown> (http://localhost:8090/__cypress/runner/cypress_runner.js:131591:76)\n    at visitFailedByErr (http://localhost:8090/__cypress/runner/cypress_runner.js:131006:12)\n    at <unknown> (http://localhost:8090/__cypress/runner/cypress_runner.js:131574:13)\n    at tryCatcher (http://localhost:8090/__cypress/runner/cypress_runner.js:1830:23)\n    at Promise._settlePromiseFromHandler (http://localhost:8090/__cypress/runner/cypress_runner.js:1542:31)\n    at Promise._settlePromise (http://localhost:8090/__cypress/runner/cypress_runner.js:1599:18)\n    at Promise._settlePromise0 (http://localhost:8090/__cypress/runner/cypress_runner.js:1644:10)\n    at Promise._settlePromises (http://localhost:8090/__cypress/runner/cypress_runner.js:1720:18)\n    at _drainQueueStep (http://localhost:8090/__cypress/runner/cypress_runner.js:2430:12)\n    at _drainQueue (http://localhost:8090/__cypress/runner/cypress_runner.js:2423:9)\n    at Async._drainQueues (http://localhost:8090/__cypress/runner/cypress_runner.js:2439:5)\n    at Async.drainQueues (http://localhost:8090/__cypress/runner/cypress_runner.js:2309:14)\nFrom Your Spec Code:\n    at Context.eval (webpack:///./cypress/e2e/test.cy.js:46:7)",
                "diff": null
              },
              "uuid": "00f73e06-45ec-429b-bb89-87e74b337517",
              "parentUUID": "570013b8-b132-4181-8fc1-3d57cead8dc4",
              "isHook": false,
              "skipped": false
            },
            {
              "title": "should not  allow the user to create a new blog post - marks 1",
              "fullTitle": "Blog App  should not  allow the user to create a new blog post - marks 1",
              "timedOut": null,
              "duration": 163,
              "state": "failed",
              "speed": null,
              "pass": false,
              "fail": true,
              "pending": false,
              "context": null,
              "code": "cy.setCookie(\"role\", roleCookie);\ncy.setCookie(\"id\", idCookie);\ncy.visit(`/blog/create`);\ncy.contains(\"You are not authorized to access this page.\").should(\"be.visible\");",
              "err": {
                "message": "CypressError: `cy.setCookie()` must be passed two string arguments for `name` and `value`.\n\nhttps://on.cypress.io/setcookie",
                "estack": "CypressError: `cy.setCookie()` must be passed two string arguments for `name` and `value`.\n\nhttps://on.cypress.io/setcookie\n    at Context.setCookie (http://localhost:8090/__cypress/runner/cypress_runner.js:119909:70)\n    at wrapped (http://localhost:8090/__cypress/runner/cypress_runner.js:138084:43)\nFrom Your Spec Code:\n    at Context.eval (webpack:///./cypress/e2e/test.cy.js:70:7)",
                "diff": null
              },
              "uuid": "4a841f51-6d01-4433-b888-de7ad70acb84",
              "parentUUID": "570013b8-b132-4181-8fc1-3d57cead8dc4",
              "isHook": false,
              "skipped": false
            },
            {
              "title": "should allow the admin to create a new blog post - marks 1",
              "fullTitle": "Blog App  should allow the admin to create a new blog post - marks 1",
              "timedOut": null,
              "duration": 188,
              "state": "failed",
              "speed": null,
              "pass": false,
              "fail": true,
              "pending": false,
              "context": null,
              "code": "cy.visit(\"/user/signup\");\n// Fill in the registration form with valid data\ncy.get(\"#username\").type(\"Tester\");\ncy.get(\"#email\").type(\"Testingadmin@gmail.com\");\ncy.get(\"#password\").type(\"Testing\");\ncy.get(\"#role\").select(\"admin\");\n// Submit the form\ncy.get(\"#form\").submit();\n// Assertions after registration\ncy.contains(\"Account created successfully Tester\").should(\"be.visible\");\ncy.getCookie(\"id\").should(\"exist\");\ncy.getCookie(\"role\").should(\"exist\");\ncy.getCookie(\"id\").then(cookie => {\n  idCookie = cookie.value;\n});\ncy.getCookie(\"role\").then(cookie => {\n  roleCookie = cookie.value;\n});\ncy.visit(`http://localhost:8090/blog/create`);\ncy.get(`#title`).type(\"Testing Blog\");\ncy.get(`#content`).type(`testing blog for checking its working or not`);\ncy.get(\"#category\").type(\"technology\");\ncy.get(`#image`).type(\"https://www.ascian.in/creatives/wp-content/uploads/blog.jpg\");\ncy.get(`#blogForm`).submit();\ncy.getCookie(\"blogId\").should(\"exist\");\ncy.getCookie(\"blogId\").then(cookie => {\n  blogId = cookie.value;\n});",
              "err": {
                "message": "CypressError: `cy.visit()` failed trying to load:\n\nhttp://localhost:8090/user/signup\n\nThe response we received from your web server was:\n\n  > 404: Not Found\n\nThis was considered a failure because the status code was not `2xx`.\n\nIf you do not want status codes to cause failures pass the option: `failOnStatusCode: false`",
                "estack": "CypressError: `cy.visit()` failed trying to load:\n\nhttp://localhost:8090/user/signup\n\nThe response we received from your web server was:\n\n  > 404: Not Found\n\nThis was considered a failure because the status code was not `2xx`.\n\nIf you do not want status codes to cause failures pass the option: `failOnStatusCode: false`\n    at <unknown> (http://localhost:8090/__cypress/runner/cypress_runner.js:131591:76)\n    at visitFailedByErr (http://localhost:8090/__cypress/runner/cypress_runner.js:131006:12)\n    at <unknown> (http://localhost:8090/__cypress/runner/cypress_runner.js:131574:13)\n    at tryCatcher (http://localhost:8090/__cypress/runner/cypress_runner.js:1830:23)\n    at Promise._settlePromiseFromHandler (http://localhost:8090/__cypress/runner/cypress_runner.js:1542:31)\n    at Promise._settlePromise (http://localhost:8090/__cypress/runner/cypress_runner.js:1599:18)\n    at Promise._settlePromise0 (http://localhost:8090/__cypress/runner/cypress_runner.js:1644:10)\n    at Promise._settlePromises (http://localhost:8090/__cypress/runner/cypress_runner.js:1720:18)\n    at _drainQueueStep (http://localhost:8090/__cypress/runner/cypress_runner.js:2430:12)\n    at _drainQueue (http://localhost:8090/__cypress/runner/cypress_runner.js:2423:9)\n    at Async._drainQueues (http://localhost:8090/__cypress/runner/cypress_runner.js:2439:5)\n    at Async.drainQueues (http://localhost:8090/__cypress/runner/cypress_runner.js:2309:14)\nFrom Your Spec Code:\n    at Context.eval (webpack:///./cypress/e2e/test.cy.js:80:7)",
                "diff": null
              },
              "uuid": "75a95095-c7fe-464e-bcb4-16188ac04a1e",
              "parentUUID": "570013b8-b132-4181-8fc1-3d57cead8dc4",
              "isHook": false,
              "skipped": false
            },
            {
              "title": "should successfully retrieve and validate blogs data - marks 0.5",
              "fullTitle": "Blog App  should successfully retrieve and validate blogs data - marks 0.5",
              "timedOut": null,
              "duration": 187,
              "state": "failed",
              "speed": null,
              "pass": false,
              "fail": true,
              "pending": false,
              "context": null,
              "code": "cy.request(\"GET\", \"/blog/blogs\").then(response => {\n  expect(response.status).to.equal(200);\n  expect(response.body).to.be.an(\"array\");\n  expect(response.body).to.have.length.greaterThan(0);\n});",
              "err": {
                "message": "CypressError: `cy.request()` failed on:\n\nhttp://localhost:8090/blog/blogs\n\nThe response we received from your web server was:\n\n  > 404: Not Found\n\nThis was considered a failure because the status code was not `2xx` or `3xx`.\n\nIf you do not want status codes to cause failures pass the option: `failOnStatusCode: false`\n\n-----------------------------------------------------------\n\nThe request we sent was:\n\nMethod: GET\nURL: http://localhost:8090/blog/blogs\nHeaders: {\n  \"Connection\": \"keep-alive\",\n  \"user-agent\": \"Mozilla/5.0 (Macintosh; Intel Mac OS X 10_15_7) AppleWebKit/537.36 (KHTML, like Gecko) Cypress/13.17.0 Chrome/118.0.5993.159 Electron/27.3.10 Safari/537.36\",\n  \"accept\": \"*/*\",\n  \"accept-encoding\": \"gzip, deflate\"\n}\n\n-----------------------------------------------------------\n\nThe response we got was:\n\nStatus: 404 - Not Found\nHeaders: {\n  \"x-powered-by\": \"Express\",\n  \"content-security-policy\": \"default-src 'none'\",\n  \"x-content-type-options\": \"nosniff\",\n  \"content-type\": \"text/html; charset=utf-8\",\n  \"content-length\": \"149\",\n  \"date\": \"Sun, 29 Dec 2024 21:08:00 GMT\",\n  \"connection\": \"keep-alive\",\n  \"keep-alive\": \"timeout=5\"\n}\nBody: <!DOCTYPE html>\n<html lang=\"en\">\n<head>\n<meta charset=\"utf-8\">\n<title>Error</title>\n</head>\n<body>\n<pre>Cannot GET /blog/blogs</pre>\n</body>\n</html>\n\nhttps://on.cypress.io/request",
                "estack": "CypressError: `cy.request()` failed on:\n\nhttp://localhost:8090/blog/blogs\n\nThe response we received from your web server was:\n\n  > 404: Not Found\n\nThis was considered a failure because the status code was not `2xx` or `3xx`.\n\nIf you do not want status codes to cause failures pass the option: `failOnStatusCode: false`\n\n-----------------------------------------------------------\n\nThe request we sent was:\n\nMethod: GET\nURL: http://localhost:8090/blog/blogs\nHeaders: {\n  \"Connection\": \"keep-alive\",\n  \"user-agent\": \"Mozilla/5.0 (Macintosh; Intel Mac OS X 10_15_7) AppleWebKit/537.36 (KHTML, like Gecko) Cypress/13.17.0 Chrome/118.0.5993.159 Electron/27.3.10 Safari/537.36\",\n  \"accept\": \"*/*\",\n  \"accept-encoding\": \"gzip, deflate\"\n}\n\n-----------------------------------------------------------\n\nThe response we got was:\n\nStatus: 404 - Not Found\nHeaders: {\n  \"x-powered-by\": \"Express\",\n  \"content-security-policy\": \"default-src 'none'\",\n  \"x-content-type-options\": \"nosniff\",\n  \"content-type\": \"text/html; charset=utf-8\",\n  \"content-length\": \"149\",\n  \"date\": \"Sun, 29 Dec 2024 21:08:00 GMT\",\n  \"connection\": \"keep-alive\",\n  \"keep-alive\": \"timeout=5\"\n}\nBody: <!DOCTYPE html>\n<html lang=\"en\">\n<head>\n<meta charset=\"utf-8\">\n<title>Error</title>\n</head>\n<body>\n<pre>Cannot GET /blog/blogs</pre>\n</body>\n</html>\n\nhttps://on.cypress.io/request\n    at <unknown> (http://localhost:8090/__cypress/runner/cypress_runner.js:132876:72)\n    at tryCatcher (http://localhost:8090/__cypress/runner/cypress_runner.js:1830:23)\n    at Promise._settlePromiseFromHandler (http://localhost:8090/__cypress/runner/cypress_runner.js:1542:31)\n    at Promise._settlePromise (http://localhost:8090/__cypress/runner/cypress_runner.js:1599:18)\n    at Promise._settlePromise0 (http://localhost:8090/__cypress/runner/cypress_runner.js:1644:10)\n    at Promise._settlePromises (http://localhost:8090/__cypress/runner/cypress_runner.js:1724:18)\n    at _drainQueueStep (http://localhost:8090/__cypress/runner/cypress_runner.js:2430:12)\n    at _drainQueue (http://localhost:8090/__cypress/runner/cypress_runner.js:2423:9)\n    at Async._drainQueues (http://localhost:8090/__cypress/runner/cypress_runner.js:2439:5)\n    at Async.drainQueues (http://localhost:8090/__cypress/runner/cypress_runner.js:2309:14)\nFrom Your Spec Code:\n    at Context.eval (webpack:///./cypress/e2e/test.cy.js:118:7)",
                "diff": null
              },
              "uuid": "21e1844c-9550-4978-9a96-d9541753ee25",
              "parentUUID": "570013b8-b132-4181-8fc1-3d57cead8dc4",
              "isHook": false,
              "skipped": false
            },
            {
              "title": "should update blog by admin only - marks 0.5",
              "fullTitle": "Blog App  should update blog by admin only - marks 0.5",
              "timedOut": null,
              "duration": 174,
              "state": "failed",
              "speed": null,
              "pass": false,
              "fail": true,
              "pending": false,
              "context": null,
              "code": "cy.setCookie(\"role\", roleCookie);\ncy.setCookie(\"id\", idCookie);\n// Delete the user by ID (assuming you have a separate test for registration)\ncy.request(\"PATCH\", `/blog/edit/${blogId}`, {\n  title: \"updated blog title by the tester\"\n}).then(response => {\n  expect(response.status).to.equal(200);\n});",
              "err": {
                "message": "CypressError: `cy.setCookie()` must be passed two string arguments for `name` and `value`.\n\nhttps://on.cypress.io/setcookie",
                "estack": "CypressError: `cy.setCookie()` must be passed two string arguments for `name` and `value`.\n\nhttps://on.cypress.io/setcookie\n    at Context.setCookie (http://localhost:8090/__cypress/runner/cypress_runner.js:119909:70)\n    at wrapped (http://localhost:8090/__cypress/runner/cypress_runner.js:138084:43)\nFrom Your Spec Code:\n    at Context.eval (webpack:///./cypress/e2e/test.cy.js:126:7)",
                "diff": null
              },
              "uuid": "3fc90610-c3e2-4c3a-ba1c-071e8800a6c3",
              "parentUUID": "570013b8-b132-4181-8fc1-3d57cead8dc4",
              "isHook": false,
              "skipped": false
            },
            {
              "title": "should fetch and render blogs - marks 1",
              "fullTitle": "Blog App  should fetch and render blogs - marks 1",
              "timedOut": null,
              "duration": 174,
              "state": "failed",
              "speed": null,
              "pass": false,
              "fail": true,
              "pending": false,
              "context": null,
              "code": "cy.setCookie(\"role\", \"user\");\ncy.setCookie(\"id\", idCookie);\n// Visit the blog page\ncy.visit(\"/blog/\");\n// Ensure the parent box exists\ncy.get(\"#parent-box\").children() // Select all child elements\n.should(\"have.length.gte\", 0) // Check if there are child elements\n.each($child => {\n  // Iterate through each child element\n  cy.wrap($child).find(\".img\").should(\"exist\"); // Verify .img class exists\n  cy.wrap($child).find(\".title\").should(\"exist\"); // Verify .title class exists\n});",
              "err": {
                "message": "CypressError: `cy.setCookie()` must be passed two string arguments for `name` and `value`.\n\nhttps://on.cypress.io/setcookie",
                "estack": "CypressError: `cy.setCookie()` must be passed two string arguments for `name` and `value`.\n\nhttps://on.cypress.io/setcookie\n    at Context.setCookie (http://localhost:8090/__cypress/runner/cypress_runner.js:119909:70)\n    at wrapped (http://localhost:8090/__cypress/runner/cypress_runner.js:138084:43)\nFrom Your Spec Code:\n    at Context.eval (webpack:///./cypress/e2e/test.cy.js:139:7)",
                "diff": null
              },
              "uuid": "ae296fdb-628a-4564-879b-10117dd51808",
              "parentUUID": "570013b8-b132-4181-8fc1-3d57cead8dc4",
              "isHook": false,
              "skipped": false
            },
            {
              "title": "should navigate to the single blog page - marks 1",
              "fullTitle": "Blog App  should navigate to the single blog page - marks 1",
              "timedOut": null,
              "duration": 178,
              "state": "failed",
              "speed": null,
              "pass": false,
              "fail": true,
              "pending": false,
              "context": null,
              "code": "cy.setCookie(\"role\", roleCookie);\ncy.setCookie(\"id\", idCookie);\n// Visit the page that lists all blogs\ncy.visit(\"/blog/\");\n// Find the last blog entry and click on it\n// Select the last blog entry\ncy.get(\"#parent-box\").find(\".list\").last().click();\n// Check if the URL has changed to the single blog page\n// cy.url().should(\"include\", \"/blog/singleBlog/\");\n// Ensure the blog container exists\ncy.get(\"#blog\").should(\"exist\");\n// Verify the existence of elements on the single blog page\ncy.get(\"#img\").should(\"exist\");\ncy.get(\"#title\").should(\"exist\");\ncy.get(\"#category\").should(\"exist\");\ncy.get(\"#content\").should(\"exist\");\ncy.get(\"#like\").should(\"exist\");\ncy.get(\"#count\").should(\"exist\");\ncy.get(\"#comment\").should(\"exist\");\n// Check data on the single blog page\ncy.get(\"#img\").should(\"have.attr\", \"src\").and(\"include\", \"https://www.ascian.in/creatives/wp-content/uploads/blog.jpg\");\ncy.get(\"#title\").should(\"have.text\", \"updated blog title by the tester\");\ncy.get(\"#category\").should(\"have.text\", \"technology\");\ncy.get(\"#content\").should(\"have.text\", \"testing blog for checking its working or not\");",
              "err": {
                "message": "CypressError: `cy.setCookie()` must be passed two string arguments for `name` and `value`.\n\nhttps://on.cypress.io/setcookie",
                "estack": "CypressError: `cy.setCookie()` must be passed two string arguments for `name` and `value`.\n\nhttps://on.cypress.io/setcookie\n    at Context.setCookie (http://localhost:8090/__cypress/runner/cypress_runner.js:119909:70)\n    at wrapped (http://localhost:8090/__cypress/runner/cypress_runner.js:138084:43)\nFrom Your Spec Code:\n    at Context.eval (webpack:///./cypress/e2e/test.cy.js:155:7)",
                "diff": null
              },
              "uuid": "21fa2eaa-2d6b-4f4b-8d59-2e006058f732",
              "parentUUID": "570013b8-b132-4181-8fc1-3d57cead8dc4",
              "isHook": false,
              "skipped": false
            },
            {
              "title": "should add a like to a blog - marks 0.5",
              "fullTitle": "Blog App  should add a like to a blog - marks 0.5",
              "timedOut": null,
              "duration": 172,
              "state": "failed",
              "speed": null,
              "pass": false,
              "fail": true,
              "pending": false,
              "context": null,
              "code": "cy.setCookie(\"role\", roleCookie);\ncy.setCookie(\"id\", idCookie);\ncy.request(\"PATCH\", `/blog/like/${blogId}`, {}).then(response => {\n  expect(response.status).to.equal(200);\n  expect(response.body.likedBy[response.body.likedBy.length - 1]).to.have.property(\"username\", \"Tester\");\n});",
              "err": {
                "message": "CypressError: `cy.setCookie()` must be passed two string arguments for `name` and `value`.\n\nhttps://on.cypress.io/setcookie",
                "estack": "CypressError: `cy.setCookie()` must be passed two string arguments for `name` and `value`.\n\nhttps://on.cypress.io/setcookie\n    at Context.setCookie (http://localhost:8090/__cypress/runner/cypress_runner.js:119909:70)\n    at wrapped (http://localhost:8090/__cypress/runner/cypress_runner.js:138084:43)\nFrom Your Spec Code:\n    at Context.eval (webpack:///./cypress/e2e/test.cy.js:195:7)",
                "diff": null
              },
              "uuid": "3b83a413-baee-4940-b9d7-68624defcf6f",
              "parentUUID": "570013b8-b132-4181-8fc1-3d57cead8dc4",
              "isHook": false,
              "skipped": false
            },
            {
              "title": "should add comment to a blog - marks 0.5",
              "fullTitle": "Blog App  should add comment to a blog - marks 0.5",
              "timedOut": null,
              "duration": 176,
              "state": "failed",
              "speed": null,
              "pass": false,
              "fail": true,
              "pending": false,
              "context": null,
              "code": "cy.setCookie(\"role\", roleCookie);\ncy.setCookie(\"id\", idCookie);\ncy.request(\"PATCH\", `/blog/comment/${blogId}`, {\n  text: \"testing comment\"\n}).then(response => {\n  expect(response.status).to.equal(200);\n  expect(response.body.comments[response.body.comments.length - 1]).to.have.property(\"text\", \"testing comment\");\n});",
              "err": {
                "message": "CypressError: `cy.setCookie()` must be passed two string arguments for `name` and `value`.\n\nhttps://on.cypress.io/setcookie",
                "estack": "CypressError: `cy.setCookie()` must be passed two string arguments for `name` and `value`.\n\nhttps://on.cypress.io/setcookie\n    at Context.setCookie (http://localhost:8090/__cypress/runner/cypress_runner.js:119909:70)\n    at wrapped (http://localhost:8090/__cypress/runner/cypress_runner.js:138084:43)\nFrom Your Spec Code:\n    at Context.eval (webpack:///./cypress/e2e/test.cy.js:209:7)",
                "diff": null
              },
              "uuid": "c7be9cda-5c92-4a64-b925-738c9215559d",
              "parentUUID": "570013b8-b132-4181-8fc1-3d57cead8dc4",
              "isHook": false,
              "skipped": false
            },
            {
              "title": "should filter blog by category - marks 0.5 ",
              "fullTitle": "Blog App  should filter blog by category - marks 0.5 ",
              "timedOut": null,
              "duration": 164,
              "state": "failed",
              "speed": null,
              "pass": false,
              "fail": true,
              "pending": false,
              "context": null,
              "code": "const queryParams = {\n  category: \"technology\"\n};\n// Send a GET request to filter movies\ncy.request(\"GET\", \"/blog/blogs\", queryParams).then(response => {\n  expect(response.status).to.equal(200);\n  // Add assertions to check the filtered movies\n  // For example, assuming the response is an array of movies:\n  expect(response.body).to.be.an(\"array\");\n  expect(response.body).to.have.length.greaterThan(0);\n  // Check if each movie in the response matches the filter criteria\n});",
              "err": {
                "message": "CypressError: `cy.request()` failed on:\n\nhttp://localhost:8090/blog/blogs\n\nThe response we received from your web server was:\n\n  > 404: Not Found\n\nThis was considered a failure because the status code was not `2xx` or `3xx`.\n\nIf you do not want status codes to cause failures pass the option: `failOnStatusCode: false`\n\n-----------------------------------------------------------\n\nThe request we sent was:\n\nMethod: GET\nURL: http://localhost:8090/blog/blogs\nHeaders: {\n  \"Connection\": \"keep-alive\",\n  \"user-agent\": \"Mozilla/5.0 (Macintosh; Intel Mac OS X 10_15_7) AppleWebKit/537.36 (KHTML, like Gecko) Cypress/13.17.0 Chrome/118.0.5993.159 Electron/27.3.10 Safari/537.36\",\n  \"accept\": \"*/*\",\n  \"accept-encoding\": \"gzip, deflate\",\n  \"content-type\": \"application/json\",\n  \"content-length\": 25\n}\nBody: {\"category\":\"technology\"}\n\n-----------------------------------------------------------\n\nThe response we got was:\n\nStatus: 404 - Not Found\nHeaders: {\n  \"x-powered-by\": \"Express\",\n  \"content-security-policy\": \"default-src 'none'\",\n  \"x-content-type-options\": \"nosniff\",\n  \"content-type\": \"text/html; charset=utf-8\",\n  \"content-length\": \"149\",\n  \"date\": \"Sun, 29 Dec 2024 21:08:02 GMT\",\n  \"connection\": \"keep-alive\",\n  \"keep-alive\": \"timeout=5\"\n}\nBody: <!DOCTYPE html>\n<html lang=\"en\">\n<head>\n<meta charset=\"utf-8\">\n<title>Error</title>\n</head>\n<body>\n<pre>Cannot GET /blog/blogs</pre>\n</body>\n</html>\n\nhttps://on.cypress.io/request",
                "estack": "CypressError: `cy.request()` failed on:\n\nhttp://localhost:8090/blog/blogs\n\nThe response we received from your web server was:\n\n  > 404: Not Found\n\nThis was considered a failure because the status code was not `2xx` or `3xx`.\n\nIf you do not want status codes to cause failures pass the option: `failOnStatusCode: false`\n\n-----------------------------------------------------------\n\nThe request we sent was:\n\nMethod: GET\nURL: http://localhost:8090/blog/blogs\nHeaders: {\n  \"Connection\": \"keep-alive\",\n  \"user-agent\": \"Mozilla/5.0 (Macintosh; Intel Mac OS X 10_15_7) AppleWebKit/537.36 (KHTML, like Gecko) Cypress/13.17.0 Chrome/118.0.5993.159 Electron/27.3.10 Safari/537.36\",\n  \"accept\": \"*/*\",\n  \"accept-encoding\": \"gzip, deflate\",\n  \"content-type\": \"application/json\",\n  \"content-length\": 25\n}\nBody: {\"category\":\"technology\"}\n\n-----------------------------------------------------------\n\nThe response we got was:\n\nStatus: 404 - Not Found\nHeaders: {\n  \"x-powered-by\": \"Express\",\n  \"content-security-policy\": \"default-src 'none'\",\n  \"x-content-type-options\": \"nosniff\",\n  \"content-type\": \"text/html; charset=utf-8\",\n  \"content-length\": \"149\",\n  \"date\": \"Sun, 29 Dec 2024 21:08:02 GMT\",\n  \"connection\": \"keep-alive\",\n  \"keep-alive\": \"timeout=5\"\n}\nBody: <!DOCTYPE html>\n<html lang=\"en\">\n<head>\n<meta charset=\"utf-8\">\n<title>Error</title>\n</head>\n<body>\n<pre>Cannot GET /blog/blogs</pre>\n</body>\n</html>\n\nhttps://on.cypress.io/request\n    at <unknown> (http://localhost:8090/__cypress/runner/cypress_runner.js:132876:72)\n    at tryCatcher (http://localhost:8090/__cypress/runner/cypress_runner.js:1830:23)\n    at Promise._settlePromiseFromHandler (http://localhost:8090/__cypress/runner/cypress_runner.js:1542:31)\n    at Promise._settlePromise (http://localhost:8090/__cypress/runner/cypress_runner.js:1599:18)\n    at Promise._settlePromise0 (http://localhost:8090/__cypress/runner/cypress_runner.js:1644:10)\n    at Promise._settlePromises (http://localhost:8090/__cypress/runner/cypress_runner.js:1724:18)\n    at _drainQueueStep (http://localhost:8090/__cypress/runner/cypress_runner.js:2430:12)\n    at _drainQueue (http://localhost:8090/__cypress/runner/cypress_runner.js:2423:9)\n    at Async._drainQueues (http://localhost:8090/__cypress/runner/cypress_runner.js:2439:5)\n    at Async.drainQueues (http://localhost:8090/__cypress/runner/cypress_runner.js:2309:14)\nFrom Your Spec Code:\n    at Context.eval (webpack:///./cypress/e2e/test.cy.js:228:7)",
                "diff": null
              },
              "uuid": "f8970bad-1a74-447f-96af-c78bb3d80b55",
              "parentUUID": "570013b8-b132-4181-8fc1-3d57cead8dc4",
              "isHook": false,
              "skipped": false
            },
            {
              "title": "should search  blog by category author ,title and spelling error - marks 1",
              "fullTitle": "Blog App  should search  blog by category author ,title and spelling error - marks 1",
              "timedOut": null,
              "duration": 169,
              "state": "failed",
              "speed": null,
              "pass": false,
              "fail": true,
              "pending": false,
              "context": null,
              "code": "const queryParams = {\n  blogs: \"test\"\n};\n// Send a GET request to filter movies\ncy.request(\"GET\", \"/blog/search?blogs=teste\").then(response => {\n  expect(response.status).to.equal(200);\n  // Add assertions to check the filtered movies\n  // For example, assuming the response is an array of movies:\n  expect(response.body).to.be.an(\"array\");\n  expect(response.body).to.have.length.greaterThan(0);\n  // Check if each movie in the response matches the filter criteria\n});",
              "err": {
                "message": "CypressError: `cy.request()` failed on:\n\nhttp://localhost:8090/blog/search?blogs=teste\n\nThe response we received from your web server was:\n\n  > 404: Not Found\n\nThis was considered a failure because the status code was not `2xx` or `3xx`.\n\nIf you do not want status codes to cause failures pass the option: `failOnStatusCode: false`\n\n-----------------------------------------------------------\n\nThe request we sent was:\n\nMethod: GET\nURL: http://localhost:8090/blog/search?blogs=teste\nHeaders: {\n  \"Connection\": \"keep-alive\",\n  \"user-agent\": \"Mozilla/5.0 (Macintosh; Intel Mac OS X 10_15_7) AppleWebKit/537.36 (KHTML, like Gecko) Cypress/13.17.0 Chrome/118.0.5993.159 Electron/27.3.10 Safari/537.36\",\n  \"accept\": \"*/*\",\n  \"accept-encoding\": \"gzip, deflate\"\n}\n\n-----------------------------------------------------------\n\nThe response we got was:\n\nStatus: 404 - Not Found\nHeaders: {\n  \"x-powered-by\": \"Express\",\n  \"content-security-policy\": \"default-src 'none'\",\n  \"x-content-type-options\": \"nosniff\",\n  \"content-type\": \"text/html; charset=utf-8\",\n  \"content-length\": \"150\",\n  \"date\": \"Sun, 29 Dec 2024 21:08:03 GMT\",\n  \"connection\": \"keep-alive\",\n  \"keep-alive\": \"timeout=5\"\n}\nBody: <!DOCTYPE html>\n<html lang=\"en\">\n<head>\n<meta charset=\"utf-8\">\n<title>Error</title>\n</head>\n<body>\n<pre>Cannot GET /blog/search</pre>\n</body>\n</html>\n\nhttps://on.cypress.io/request",
                "estack": "CypressError: `cy.request()` failed on:\n\nhttp://localhost:8090/blog/search?blogs=teste\n\nThe response we received from your web server was:\n\n  > 404: Not Found\n\nThis was considered a failure because the status code was not `2xx` or `3xx`.\n\nIf you do not want status codes to cause failures pass the option: `failOnStatusCode: false`\n\n-----------------------------------------------------------\n\nThe request we sent was:\n\nMethod: GET\nURL: http://localhost:8090/blog/search?blogs=teste\nHeaders: {\n  \"Connection\": \"keep-alive\",\n  \"user-agent\": \"Mozilla/5.0 (Macintosh; Intel Mac OS X 10_15_7) AppleWebKit/537.36 (KHTML, like Gecko) Cypress/13.17.0 Chrome/118.0.5993.159 Electron/27.3.10 Safari/537.36\",\n  \"accept\": \"*/*\",\n  \"accept-encoding\": \"gzip, deflate\"\n}\n\n-----------------------------------------------------------\n\nThe response we got was:\n\nStatus: 404 - Not Found\nHeaders: {\n  \"x-powered-by\": \"Express\",\n  \"content-security-policy\": \"default-src 'none'\",\n  \"x-content-type-options\": \"nosniff\",\n  \"content-type\": \"text/html; charset=utf-8\",\n  \"content-length\": \"150\",\n  \"date\": \"Sun, 29 Dec 2024 21:08:03 GMT\",\n  \"connection\": \"keep-alive\",\n  \"keep-alive\": \"timeout=5\"\n}\nBody: <!DOCTYPE html>\n<html lang=\"en\">\n<head>\n<meta charset=\"utf-8\">\n<title>Error</title>\n</head>\n<body>\n<pre>Cannot GET /blog/search</pre>\n</body>\n</html>\n\nhttps://on.cypress.io/request\n    at <unknown> (http://localhost:8090/__cypress/runner/cypress_runner.js:132876:72)\n    at tryCatcher (http://localhost:8090/__cypress/runner/cypress_runner.js:1830:23)\n    at Promise._settlePromiseFromHandler (http://localhost:8090/__cypress/runner/cypress_runner.js:1542:31)\n    at Promise._settlePromise (http://localhost:8090/__cypress/runner/cypress_runner.js:1599:18)\n    at Promise._settlePromise0 (http://localhost:8090/__cypress/runner/cypress_runner.js:1644:10)\n    at Promise._settlePromises (http://localhost:8090/__cypress/runner/cypress_runner.js:1724:18)\n    at _drainQueueStep (http://localhost:8090/__cypress/runner/cypress_runner.js:2430:12)\n    at _drainQueue (http://localhost:8090/__cypress/runner/cypress_runner.js:2423:9)\n    at Async._drainQueues (http://localhost:8090/__cypress/runner/cypress_runner.js:2439:5)\n    at Async.drainQueues (http://localhost:8090/__cypress/runner/cypress_runner.js:2309:14)\nFrom Your Spec Code:\n    at Context.eval (webpack:///./cypress/e2e/test.cy.js:248:7)",
                "diff": null
              },
              "uuid": "a28d7ff1-ca37-41d1-824a-33f1c45da8f8",
              "parentUUID": "570013b8-b132-4181-8fc1-3d57cead8dc4",
              "isHook": false,
              "skipped": false
            },
            {
              "title": "should delete blog by admin only - marks 0.5",
              "fullTitle": "Blog App  should delete blog by admin only - marks 0.5",
              "timedOut": null,
              "duration": 156,
              "state": "failed",
              "speed": null,
              "pass": false,
              "fail": true,
              "pending": false,
              "context": null,
              "code": "cy.setCookie(\"role\", roleCookie);\ncy.setCookie(\"id\", idCookie);\n// Delete the user by ID (assuming you have a separate test for registration)\ncy.request(\"DELETE\", `/blog/delete/${blogId}`).then(response => {\n  expect(response.status).to.equal(200);\n});",
              "err": {
                "message": "CypressError: `cy.setCookie()` must be passed two string arguments for `name` and `value`.\n\nhttps://on.cypress.io/setcookie",
                "estack": "CypressError: `cy.setCookie()` must be passed two string arguments for `name` and `value`.\n\nhttps://on.cypress.io/setcookie\n    at Context.setCookie (http://localhost:8090/__cypress/runner/cypress_runner.js:119909:70)\n    at wrapped (http://localhost:8090/__cypress/runner/cypress_runner.js:138084:43)\nFrom Your Spec Code:\n    at Context.eval (webpack:///./cypress/e2e/test.cy.js:263:7)",
                "diff": null
              },
              "uuid": "786f7045-394d-4a1d-a2ff-72abe21b097f",
              "parentUUID": "570013b8-b132-4181-8fc1-3d57cead8dc4",
              "isHook": false,
              "skipped": false
            },
            {
              "title": "should get a welcome message from the movie API - marks 0",
              "fullTitle": "Blog App  should get a welcome message from the movie API - marks 0",
              "timedOut": null,
              "duration": 173,
              "state": "failed",
              "speed": null,
              "pass": false,
              "fail": true,
              "pending": false,
              "context": null,
              "code": "cy.request(\"GET\", \"/\").then(response => {\n  expect(response.status).to.equal(200);\n  expect(response.body).to.equal(\"Welcome to the movie API\");\n});",
              "err": {
                "message": "AssertionError: expected 'Welcome to the world!' to equal 'Welcome to the movie API'",
                "estack": "AssertionError: expected 'Welcome to the world!' to equal 'Welcome to the movie API'\n    at Context.eval (webpack:///./cypress/e2e/test.cy.js:277:31)",
                "diff": "- 'Welcome to the world!'\n+ 'Welcome to the movie API'\n"
              },
              "uuid": "53ada667-aaeb-49a7-88e2-a715468695d3",
              "parentUUID": "570013b8-b132-4181-8fc1-3d57cead8dc4",
              "isHook": false,
              "skipped": false
            }
          ],
          "suites": [],
          "passes": [],
          "failures": [
            "15cc01fd-25fd-4148-bcac-7f41ae13989f",
            "fb335617-308d-4d65-ac1a-de5e670f31ac",
            "00f73e06-45ec-429b-bb89-87e74b337517",
            "4a841f51-6d01-4433-b888-de7ad70acb84",
            "75a95095-c7fe-464e-bcb4-16188ac04a1e",
            "21e1844c-9550-4978-9a96-d9541753ee25",
            "3fc90610-c3e2-4c3a-ba1c-071e8800a6c3",
            "ae296fdb-628a-4564-879b-10117dd51808",
            "21fa2eaa-2d6b-4f4b-8d59-2e006058f732",
            "3b83a413-baee-4940-b9d7-68624defcf6f",
            "c7be9cda-5c92-4a64-b925-738c9215559d",
            "f8970bad-1a74-447f-96af-c78bb3d80b55",
            "a28d7ff1-ca37-41d1-824a-33f1c45da8f8",
            "786f7045-394d-4a1d-a2ff-72abe21b097f",
            "53ada667-aaeb-49a7-88e2-a715468695d3"
          ],
          "pending": [],
          "skipped": [],
          "duration": 2636,
          "root": false,
          "rootEmpty": false,
          "_timeout": 2000
        }
      ],
      "passes": [],
      "failures": [],
      "pending": [],
      "skipped": [],
      "duration": 0,
      "root": true,
      "rootEmpty": true,
      "_timeout": 2000
    }
  ],
  "meta": {
    "mocha": {
      "version": "7.0.1"
    },
    "mochawesome": {
      "options": {
        "quiet": false,
        "reportFilename": "mochawesome",
        "saveHtml": false,
        "saveJson": true,
        "consoleReporter": "spec",
        "useInlineDiffs": false,
        "code": true
      },
      "version": "7.1.3"
    },
    "marge": {
      "options": {
        "reportDir": ".github/workflows/cypress/results",
        "overwrite": true,
        "html": false,
        "json": true
      },
      "version": "6.2.0"
    }
  }
}