{
  "stats": {
    "suites": 1,
    "tests": 15,
    "passes": 0,
    "pending": 0,
    "failures": 15,
    "start": "2024-12-30T06:51:13.482Z",
    "end": "2024-12-30T06:51:18.265Z",
    "duration": 4783,
    "testsRegistered": 15,
    "passPercent": 0,
    "pendingPercent": 0,
    "other": 0,
    "hasOther": false,
    "skipped": 0,
    "hasSkipped": false
  },
  "results": [
    {
      "uuid": "9dca86ee-571c-4f98-985d-d0e1ee75342a",
      "title": "",
      "fullFile": ".github/workflows/cypress/e2e/test.cy.js",
      "file": ".github/workflows/cypress/e2e/test.cy.js",
      "beforeHooks": [],
      "afterHooks": [],
      "tests": [],
      "suites": [
        {
          "uuid": "4182b0ce-02af-4e5d-95b9-3b69240b93c5",
          "title": "Blog App ",
          "fullFile": "",
          "file": "",
          "beforeHooks": [],
          "afterHooks": [],
          "tests": [
            {
              "title": "should allow a user to register - marks 0.5",
              "fullTitle": "Blog App  should allow a user to register - marks 0.5",
              "timedOut": null,
              "duration": 886,
              "state": "failed",
              "speed": null,
              "pass": false,
              "fail": true,
              "pending": false,
              "context": null,
              "code": "// Visiting the registration page\ncy.visit(\"http://localhost:8090/user/signup\");\n// Fill in the registration form with valid data\ncy.get(\"#username\").type(\"Tester\");\ncy.get(\"#email\").type(\"TestinUser@gmail.com\");\ncy.get(\"#password\").type(\"Testing\");\ncy.get(\"#role\").select(\"user\");\n// Submit the form\ncy.get(\"#form\").submit();\n// Assertions after registration\ncy.contains(\"Account created successfully Tester\").should(\"be.visible\");\ncy.getCookie(\"id\").should(\"exist\");\ncy.getCookie(\"role\").should(\"exist\");\ncy.getCookie(\"id\").then(cookie => {\n  idCookie = cookie.value;\n});\ncy.getCookie(\"role\").then(cookie => {\n  roleCookie = cookie.value;\n});",
              "err": {
                "message": "CypressError: `cy.visit()` failed trying to load:\n\nhttp://localhost:8090/user/signup\n\nThe response we received from your web server was:\n\n  > 403: Forbidden\n\nThis was considered a failure because the status code was not `2xx`.\n\nIf you do not want status codes to cause failures pass the option: `failOnStatusCode: false`",
                "estack": "CypressError: `cy.visit()` failed trying to load:\n\nhttp://localhost:8090/user/signup\n\nThe response we received from your web server was:\n\n  > 403: Forbidden\n\nThis was considered a failure because the status code was not `2xx`.\n\nIf you do not want status codes to cause failures pass the option: `failOnStatusCode: false`\n    at <unknown> (http://localhost:8090/__cypress/runner/cypress_runner.js:131591:76)\n    at visitFailedByErr (http://localhost:8090/__cypress/runner/cypress_runner.js:131006:12)\n    at <unknown> (http://localhost:8090/__cypress/runner/cypress_runner.js:131574:13)\n    at tryCatcher (http://localhost:8090/__cypress/runner/cypress_runner.js:1830:23)\n    at Promise._settlePromiseFromHandler (http://localhost:8090/__cypress/runner/cypress_runner.js:1542:31)\n    at Promise._settlePromise (http://localhost:8090/__cypress/runner/cypress_runner.js:1599:18)\n    at Promise._settlePromise0 (http://localhost:8090/__cypress/runner/cypress_runner.js:1644:10)\n    at Promise._settlePromises (http://localhost:8090/__cypress/runner/cypress_runner.js:1720:18)\n    at _drainQueueStep (http://localhost:8090/__cypress/runner/cypress_runner.js:2430:12)\n    at _drainQueue (http://localhost:8090/__cypress/runner/cypress_runner.js:2423:9)\n    at Async._drainQueues (http://localhost:8090/__cypress/runner/cypress_runner.js:2439:5)\n    at Async.drainQueues (http://localhost:8090/__cypress/runner/cypress_runner.js:2309:14)\nFrom Your Spec Code:\n    at Context.eval (webpack:///./cypress/e2e/test.cy.js:8:7)",
                "diff": null
              },
              "uuid": "9be54dba-d9d5-4ea3-9605-9fb7c133f679",
              "parentUUID": "4182b0ce-02af-4e5d-95b9-3b69240b93c5",
              "isHook": false,
              "skipped": false
            },
            {
              "title": "should handle invalid credentials - marks 0.5",
              "fullTitle": "Blog App  should handle invalid credentials - marks 0.5",
              "timedOut": null,
              "duration": 191,
              "state": "failed",
              "speed": null,
              "pass": false,
              "fail": true,
              "pending": false,
              "context": null,
              "code": "// Visiting the login page\ncy.visit(\"http://localhost:8090/user/login\");\n// Fill in the login form with invalid credentials\ncy.get(\"#email\").type(\"invaliduser@example.com\");\ncy.get(\"#password\").type(\"invalidpassword\");\ncy.get(\"#form\").submit();\n// Assertion for handling invalid credentials\ncy.contains(\"Invalid Credentials.\").should(\"be.visible\");",
              "err": {
                "message": "CypressError: `cy.visit()` failed trying to load:\n\nhttp://localhost:8090/user/login\n\nThe response we received from your web server was:\n\n  > 403: Forbidden\n\nThis was considered a failure because the status code was not `2xx`.\n\nIf you do not want status codes to cause failures pass the option: `failOnStatusCode: false`",
                "estack": "CypressError: `cy.visit()` failed trying to load:\n\nhttp://localhost:8090/user/login\n\nThe response we received from your web server was:\n\n  > 403: Forbidden\n\nThis was considered a failure because the status code was not `2xx`.\n\nIf you do not want status codes to cause failures pass the option: `failOnStatusCode: false`\n    at <unknown> (http://localhost:8090/__cypress/runner/cypress_runner.js:131591:76)\n    at visitFailedByErr (http://localhost:8090/__cypress/runner/cypress_runner.js:131006:12)\n    at <unknown> (http://localhost:8090/__cypress/runner/cypress_runner.js:131574:13)\n    at tryCatcher (http://localhost:8090/__cypress/runner/cypress_runner.js:1830:23)\n    at Promise._settlePromiseFromHandler (http://localhost:8090/__cypress/runner/cypress_runner.js:1542:31)\n    at Promise._settlePromise (http://localhost:8090/__cypress/runner/cypress_runner.js:1599:18)\n    at Promise._settlePromise0 (http://localhost:8090/__cypress/runner/cypress_runner.js:1644:10)\n    at Promise._settlePromises (http://localhost:8090/__cypress/runner/cypress_runner.js:1720:18)\n    at _drainQueueStep (http://localhost:8090/__cypress/runner/cypress_runner.js:2430:12)\n    at _drainQueue (http://localhost:8090/__cypress/runner/cypress_runner.js:2423:9)\n    at Async._drainQueues (http://localhost:8090/__cypress/runner/cypress_runner.js:2439:5)\n    at Async.drainQueues (http://localhost:8090/__cypress/runner/cypress_runner.js:2309:14)\nFrom Your Spec Code:\n    at Context.eval (webpack:///./cypress/e2e/test.cy.js:33:7)",
                "diff": null
              },
              "uuid": "9b4f4f7f-3d87-4473-b75b-56c41fd5c61d",
              "parentUUID": "4182b0ce-02af-4e5d-95b9-3b69240b93c5",
              "isHook": false,
              "skipped": false
            },
            {
              "title": "should allow a user to log in with valid credentials - marks 1",
              "fullTitle": "Blog App  should allow a user to log in with valid credentials - marks 1",
              "timedOut": null,
              "duration": 105,
              "state": "failed",
              "speed": null,
              "pass": false,
              "fail": true,
              "pending": false,
              "context": null,
              "code": "// Visiting the login page\ncy.visit(\"http://localhost:8090/user/login\");\n// Fill in the login form with valid credentials\ncy.get(\"#email\").type(\"TestinUser@gmail.com\");\ncy.get(\"#password\").type(\"Testing\");\n// Submit the form\ncy.get(\"#form\").submit();\n// Assertions after login\ncy.contains(\"Welcome User Tester\").should(\"be.visible\");\ncy.getCookie(\"id\").should(\"exist\");\ncy.getCookie(\"role\").should(\"exist\");\ncy.getCookie(\"id\").then(cookie => {\n  idCookie = cookie.value;\n});\ncy.getCookie(\"role\").then(cookie => {\n  roleCookie = cookie.value;\n});",
              "err": {
                "message": "CypressError: `cy.visit()` failed trying to load:\n\nhttp://localhost:8090/user/login\n\nThe response we received from your web server was:\n\n  > 403: Forbidden\n\nThis was considered a failure because the status code was not `2xx`.\n\nIf you do not want status codes to cause failures pass the option: `failOnStatusCode: false`",
                "estack": "CypressError: `cy.visit()` failed trying to load:\n\nhttp://localhost:8090/user/login\n\nThe response we received from your web server was:\n\n  > 403: Forbidden\n\nThis was considered a failure because the status code was not `2xx`.\n\nIf you do not want status codes to cause failures pass the option: `failOnStatusCode: false`\n    at <unknown> (http://localhost:8090/__cypress/runner/cypress_runner.js:131591:76)\n    at visitFailedByErr (http://localhost:8090/__cypress/runner/cypress_runner.js:131006:12)\n    at <unknown> (http://localhost:8090/__cypress/runner/cypress_runner.js:131574:13)\n    at tryCatcher (http://localhost:8090/__cypress/runner/cypress_runner.js:1830:23)\n    at Promise._settlePromiseFromHandler (http://localhost:8090/__cypress/runner/cypress_runner.js:1542:31)\n    at Promise._settlePromise (http://localhost:8090/__cypress/runner/cypress_runner.js:1599:18)\n    at Promise._settlePromise0 (http://localhost:8090/__cypress/runner/cypress_runner.js:1644:10)\n    at Promise._settlePromises (http://localhost:8090/__cypress/runner/cypress_runner.js:1720:18)\n    at _drainQueueStep (http://localhost:8090/__cypress/runner/cypress_runner.js:2430:12)\n    at _drainQueue (http://localhost:8090/__cypress/runner/cypress_runner.js:2423:9)\n    at Async._drainQueues (http://localhost:8090/__cypress/runner/cypress_runner.js:2439:5)\n    at Async.drainQueues (http://localhost:8090/__cypress/runner/cypress_runner.js:2309:14)\nFrom Your Spec Code:\n    at Context.eval (webpack:///./cypress/e2e/test.cy.js:46:7)",
                "diff": null
              },
              "uuid": "dd42a92e-f1b6-4ce8-aab6-dffd845e78cf",
              "parentUUID": "4182b0ce-02af-4e5d-95b9-3b69240b93c5",
              "isHook": false,
              "skipped": false
            },
            {
              "title": "should not  allow the user to create a new blog post - marks 1",
              "fullTitle": "Blog App  should not  allow the user to create a new blog post - marks 1",
              "timedOut": null,
              "duration": 94,
              "state": "failed",
              "speed": null,
              "pass": false,
              "fail": true,
              "pending": false,
              "context": null,
              "code": "cy.setCookie(\"role\", roleCookie);\ncy.setCookie(\"id\", idCookie);\ncy.visit(`http://localhost:8090/blog/create`);\ncy.contains(\"You are not authorized to access this page.\").should(\"be.visible\");",
              "err": {
                "message": "CypressError: `cy.setCookie()` must be passed two string arguments for `name` and `value`.\n\nhttps://on.cypress.io/setcookie",
                "estack": "CypressError: `cy.setCookie()` must be passed two string arguments for `name` and `value`.\n\nhttps://on.cypress.io/setcookie\n    at Context.setCookie (http://localhost:8090/__cypress/runner/cypress_runner.js:119909:70)\n    at wrapped (http://localhost:8090/__cypress/runner/cypress_runner.js:138084:43)\nFrom Your Spec Code:\n    at Context.eval (webpack:///./cypress/e2e/test.cy.js:70:7)",
                "diff": null
              },
              "uuid": "ac993677-97b3-4799-9d78-fdbdb785242b",
              "parentUUID": "4182b0ce-02af-4e5d-95b9-3b69240b93c5",
              "isHook": false,
              "skipped": false
            },
            {
              "title": "should allow the admin to create a new blog post - marks 1",
              "fullTitle": "Blog App  should allow the admin to create a new blog post - marks 1",
              "timedOut": null,
              "duration": 92,
              "state": "failed",
              "speed": null,
              "pass": false,
              "fail": true,
              "pending": false,
              "context": null,
              "code": "cy.visit(\"http://localhost:8090/user/signup\");\n// Fill in the registration form with valid data\ncy.get(\"#username\").type(\"Tester\");\ncy.get(\"#email\").type(\"Testingadmin@gmail.com\");\ncy.get(\"#password\").type(\"Testing\");\ncy.get(\"#role\").select(\"admin\");\n// Submit the form\ncy.get(\"#form\").submit();\n// Assertions after registration\ncy.contains(\"Account created successfully Tester\").should(\"be.visible\");\ncy.getCookie(\"id\").should(\"exist\");\ncy.getCookie(\"role\").should(\"exist\");\ncy.getCookie(\"id\").then(cookie => {\n  idCookie = cookie.value;\n});\ncy.getCookie(\"role\").then(cookie => {\n  roleCookie = cookie.value;\n});\ncy.visit(`http://localhost:8090/blog/create`);\ncy.get(`#title`).type(\"Testing Blog\");\ncy.get(`#content`).type(`testing blog for checking its working or not`);\ncy.get(\"#category\").type(\"technology\");\ncy.get(`#image`).type(\"https://www.ascian.in/creatives/wp-content/uploads/blog.jpg\");\ncy.get(`#blogForm`).submit();\ncy.getCookie(\"blogId\").should(\"exist\");\ncy.getCookie(\"blogId\").then(cookie => {\n  blogId = cookie.value;\n});",
              "err": {
                "message": "CypressError: `cy.visit()` failed trying to load:\n\nhttp://localhost:8090/user/signup\n\nThe response we received from your web server was:\n\n  > 403: Forbidden\n\nThis was considered a failure because the status code was not `2xx`.\n\nIf you do not want status codes to cause failures pass the option: `failOnStatusCode: false`",
                "estack": "CypressError: `cy.visit()` failed trying to load:\n\nhttp://localhost:8090/user/signup\n\nThe response we received from your web server was:\n\n  > 403: Forbidden\n\nThis was considered a failure because the status code was not `2xx`.\n\nIf you do not want status codes to cause failures pass the option: `failOnStatusCode: false`\n    at <unknown> (http://localhost:8090/__cypress/runner/cypress_runner.js:131591:76)\n    at visitFailedByErr (http://localhost:8090/__cypress/runner/cypress_runner.js:131006:12)\n    at <unknown> (http://localhost:8090/__cypress/runner/cypress_runner.js:131574:13)\n    at tryCatcher (http://localhost:8090/__cypress/runner/cypress_runner.js:1830:23)\n    at Promise._settlePromiseFromHandler (http://localhost:8090/__cypress/runner/cypress_runner.js:1542:31)\n    at Promise._settlePromise (http://localhost:8090/__cypress/runner/cypress_runner.js:1599:18)\n    at Promise._settlePromise0 (http://localhost:8090/__cypress/runner/cypress_runner.js:1644:10)\n    at Promise._settlePromises (http://localhost:8090/__cypress/runner/cypress_runner.js:1720:18)\n    at _drainQueueStep (http://localhost:8090/__cypress/runner/cypress_runner.js:2430:12)\n    at _drainQueue (http://localhost:8090/__cypress/runner/cypress_runner.js:2423:9)\n    at Async._drainQueues (http://localhost:8090/__cypress/runner/cypress_runner.js:2439:5)\n    at Async.drainQueues (http://localhost:8090/__cypress/runner/cypress_runner.js:2309:14)\nFrom Your Spec Code:\n    at Context.eval (webpack:///./cypress/e2e/test.cy.js:80:7)",
                "diff": null
              },
              "uuid": "1db9a74c-b6b3-4af8-8937-1202fd24c46e",
              "parentUUID": "4182b0ce-02af-4e5d-95b9-3b69240b93c5",
              "isHook": false,
              "skipped": false
            },
            {
              "title": "should successfully retrieve and validate blogs data - marks 0.5",
              "fullTitle": "Blog App  should successfully retrieve and validate blogs data - marks 0.5",
              "timedOut": null,
              "duration": 97,
              "state": "failed",
              "speed": null,
              "pass": false,
              "fail": true,
              "pending": false,
              "context": null,
              "code": "cy.request(\"GET\", \"http://localhost:8090/blog/blogs\").then(response => {\n  expect(response.status).to.equal(200);\n  expect(response.body).to.be.an(\"array\");\n  expect(response.body).to.have.length.greaterThan(0);\n});",
              "err": {
                "message": "CypressError: `cy.request()` failed on:\n\nhttp://localhost:8090/blog/blogs\n\nThe response we received from your web server was:\n\n  > 403: Forbidden\n\nThis was considered a failure because the status code was not `2xx` or `3xx`.\n\nIf you do not want status codes to cause failures pass the option: `failOnStatusCode: false`\n\n-----------------------------------------------------------\n\nThe request we sent was:\n\nMethod: GET\nURL: http://localhost:8090/blog/blogs\nHeaders: {\n  \"Connection\": \"keep-alive\",\n  \"user-agent\": \"Mozilla/5.0 (Macintosh; Intel Mac OS X 10_15_7) AppleWebKit/537.36 (KHTML, like Gecko) HeadlessChrome/131.0.0.0 Safari/537.36\",\n  \"accept\": \"*/*\",\n  \"accept-encoding\": \"gzip, deflate\"\n}\n\n-----------------------------------------------------------\n\nThe response we got was:\n\nStatus: 403 - Forbidden\nHeaders: {\n  \"vary\": \"Origin, Access-Control-Request-Method, Access-Control-Request-Headers\",\n  \"x-content-type-options\": \"nosniff\",\n  \"x-xss-protection\": \"0\",\n  \"cache-control\": \"no-cache, no-store, max-age=0, must-revalidate\",\n  \"pragma\": \"no-cache\",\n  \"expires\": \"0\",\n  \"x-frame-options\": \"DENY\",\n  \"content-length\": \"0\",\n  \"date\": \"Mon, 30 Dec 2024 06:51:16 GMT\",\n  \"keep-alive\": \"timeout=60\",\n  \"connection\": \"keep-alive\"\n}\nBody: \n\n\nhttps://on.cypress.io/request",
                "estack": "CypressError: `cy.request()` failed on:\n\nhttp://localhost:8090/blog/blogs\n\nThe response we received from your web server was:\n\n  > 403: Forbidden\n\nThis was considered a failure because the status code was not `2xx` or `3xx`.\n\nIf you do not want status codes to cause failures pass the option: `failOnStatusCode: false`\n\n-----------------------------------------------------------\n\nThe request we sent was:\n\nMethod: GET\nURL: http://localhost:8090/blog/blogs\nHeaders: {\n  \"Connection\": \"keep-alive\",\n  \"user-agent\": \"Mozilla/5.0 (Macintosh; Intel Mac OS X 10_15_7) AppleWebKit/537.36 (KHTML, like Gecko) HeadlessChrome/131.0.0.0 Safari/537.36\",\n  \"accept\": \"*/*\",\n  \"accept-encoding\": \"gzip, deflate\"\n}\n\n-----------------------------------------------------------\n\nThe response we got was:\n\nStatus: 403 - Forbidden\nHeaders: {\n  \"vary\": \"Origin, Access-Control-Request-Method, Access-Control-Request-Headers\",\n  \"x-content-type-options\": \"nosniff\",\n  \"x-xss-protection\": \"0\",\n  \"cache-control\": \"no-cache, no-store, max-age=0, must-revalidate\",\n  \"pragma\": \"no-cache\",\n  \"expires\": \"0\",\n  \"x-frame-options\": \"DENY\",\n  \"content-length\": \"0\",\n  \"date\": \"Mon, 30 Dec 2024 06:51:16 GMT\",\n  \"keep-alive\": \"timeout=60\",\n  \"connection\": \"keep-alive\"\n}\nBody: \n\n\nhttps://on.cypress.io/request\n    at <unknown> (http://localhost:8090/__cypress/runner/cypress_runner.js:132876:72)\n    at tryCatcher (http://localhost:8090/__cypress/runner/cypress_runner.js:1830:23)\n    at Promise._settlePromiseFromHandler (http://localhost:8090/__cypress/runner/cypress_runner.js:1542:31)\n    at Promise._settlePromise (http://localhost:8090/__cypress/runner/cypress_runner.js:1599:18)\n    at Promise._settlePromise0 (http://localhost:8090/__cypress/runner/cypress_runner.js:1644:10)\n    at Promise._settlePromises (http://localhost:8090/__cypress/runner/cypress_runner.js:1724:18)\n    at _drainQueueStep (http://localhost:8090/__cypress/runner/cypress_runner.js:2430:12)\n    at _drainQueue (http://localhost:8090/__cypress/runner/cypress_runner.js:2423:9)\n    at Async._drainQueues (http://localhost:8090/__cypress/runner/cypress_runner.js:2439:5)\n    at Async.drainQueues (http://localhost:8090/__cypress/runner/cypress_runner.js:2309:14)\nFrom Your Spec Code:\n    at Context.eval (webpack:///./cypress/e2e/test.cy.js:118:7)",
                "diff": null
              },
              "uuid": "246d7e91-a9e2-4f01-8fc4-20cb8d9c0297",
              "parentUUID": "4182b0ce-02af-4e5d-95b9-3b69240b93c5",
              "isHook": false,
              "skipped": false
            },
            {
              "title": "should update blog by admin only - marks 0.5",
              "fullTitle": "Blog App  should update blog by admin only - marks 0.5",
              "timedOut": null,
              "duration": 93,
              "state": "failed",
              "speed": null,
              "pass": false,
              "fail": true,
              "pending": false,
              "context": null,
              "code": "cy.setCookie(\"role\", roleCookie);\ncy.setCookie(\"id\", idCookie);\n// Delete the user by ID (assuming you have a separate test for registration)\ncy.request(\"PATCH\", `http://localhost:8090/blog/edit/${blogId}`, {\n  title: \"updated blog title by the tester\"\n}).then(response => {\n  expect(response.status).to.equal(200);\n});",
              "err": {
                "message": "CypressError: `cy.setCookie()` must be passed two string arguments for `name` and `value`.\n\nhttps://on.cypress.io/setcookie",
                "estack": "CypressError: `cy.setCookie()` must be passed two string arguments for `name` and `value`.\n\nhttps://on.cypress.io/setcookie\n    at Context.setCookie (http://localhost:8090/__cypress/runner/cypress_runner.js:119909:70)\n    at wrapped (http://localhost:8090/__cypress/runner/cypress_runner.js:138084:43)\nFrom Your Spec Code:\n    at Context.eval (webpack:///./cypress/e2e/test.cy.js:126:7)",
                "diff": null
              },
              "uuid": "e58f3274-dc80-44f3-8cac-15f54a67b740",
              "parentUUID": "4182b0ce-02af-4e5d-95b9-3b69240b93c5",
              "isHook": false,
              "skipped": false
            },
            {
              "title": "should fetch and render blogs - marks 1",
              "fullTitle": "Blog App  should fetch and render blogs - marks 1",
              "timedOut": null,
              "duration": 95,
              "state": "failed",
              "speed": null,
              "pass": false,
              "fail": true,
              "pending": false,
              "context": null,
              "code": "cy.setCookie(\"role\", \"user\");\ncy.setCookie(\"id\", idCookie);\n// Visit the blog page\ncy.visit(\"http://localhost:8090/blog/\");\n// Ensure the parent box exists\ncy.get(\"#parent-box\").children() // Select all child elements\n.should(\"have.length.gte\", 0) // Check if there are child elements\n.each($child => {\n  // Iterate through each child element\n  cy.wrap($child).find(\".img\").should(\"exist\"); // Verify .img class exists\n  cy.wrap($child).find(\".title\").should(\"exist\"); // Verify .title class exists\n});",
              "err": {
                "message": "CypressError: `cy.setCookie()` must be passed two string arguments for `name` and `value`.\n\nhttps://on.cypress.io/setcookie",
                "estack": "CypressError: `cy.setCookie()` must be passed two string arguments for `name` and `value`.\n\nhttps://on.cypress.io/setcookie\n    at Context.setCookie (http://localhost:8090/__cypress/runner/cypress_runner.js:119909:70)\n    at wrapped (http://localhost:8090/__cypress/runner/cypress_runner.js:138084:43)\nFrom Your Spec Code:\n    at Context.eval (webpack:///./cypress/e2e/test.cy.js:139:7)",
                "diff": null
              },
              "uuid": "eca8ed9e-d1dc-4a4c-a949-77fd15d6bfb7",
              "parentUUID": "4182b0ce-02af-4e5d-95b9-3b69240b93c5",
              "isHook": false,
              "skipped": false
            },
            {
              "title": "should navigate to the single blog page - marks 1",
              "fullTitle": "Blog App  should navigate to the single blog page - marks 1",
              "timedOut": null,
              "duration": 104,
              "state": "failed",
              "speed": null,
              "pass": false,
              "fail": true,
              "pending": false,
              "context": null,
              "code": "cy.setCookie(\"role\", roleCookie);\ncy.setCookie(\"id\", idCookie);\n// Visit the page that lists all blogs\ncy.visit(\"http://localhost:8090/blog/\");\n// Find the last blog entry and click on it\n// Select the last blog entry\ncy.get(\"#parent-box\").find(\".list\").last().click();\n// Check if the URL has changed to the single blog page\n// cy.url().should(\"include\", \"/blog/singleBlog/\");\n// Ensure the blog container exists\ncy.get(\"#blog\").should(\"exist\");\n// Verify the existence of elements on the single blog page\ncy.get(\"#img\").should(\"exist\");\ncy.get(\"#title\").should(\"exist\");\ncy.get(\"#category\").should(\"exist\");\ncy.get(\"#content\").should(\"exist\");\ncy.get(\"#like\").should(\"exist\");\ncy.get(\"#count\").should(\"exist\");\ncy.get(\"#comment\").should(\"exist\");\n// Check data on the single blog page\ncy.get(\"#img\").should(\"have.attr\", \"src\").and(\"include\", \"https://www.ascian.in/creatives/wp-content/uploads/blog.jpg\");\ncy.get(\"#title\").should(\"have.text\", \"updated blog title by the tester\");\ncy.get(\"#category\").should(\"have.text\", \"technology\");\ncy.get(\"#content\").should(\"have.text\", \"testing blog for checking its working or not\");",
              "err": {
                "message": "CypressError: `cy.setCookie()` must be passed two string arguments for `name` and `value`.\n\nhttps://on.cypress.io/setcookie",
                "estack": "CypressError: `cy.setCookie()` must be passed two string arguments for `name` and `value`.\n\nhttps://on.cypress.io/setcookie\n    at Context.setCookie (http://localhost:8090/__cypress/runner/cypress_runner.js:119909:70)\n    at wrapped (http://localhost:8090/__cypress/runner/cypress_runner.js:138084:43)\nFrom Your Spec Code:\n    at Context.eval (webpack:///./cypress/e2e/test.cy.js:155:7)",
                "diff": null
              },
              "uuid": "ea0eb90e-6275-40ec-9a6a-aafd7ece6820",
              "parentUUID": "4182b0ce-02af-4e5d-95b9-3b69240b93c5",
              "isHook": false,
              "skipped": false
            },
            {
              "title": "should add a like to a blog - marks 0.5",
              "fullTitle": "Blog App  should add a like to a blog - marks 0.5",
              "timedOut": null,
              "duration": 96,
              "state": "failed",
              "speed": null,
              "pass": false,
              "fail": true,
              "pending": false,
              "context": null,
              "code": "cy.setCookie(\"role\", roleCookie);\ncy.setCookie(\"id\", idCookie);\ncy.request(\"PATCH\", `http://localhost:8090/blog/like/${blogId}`, {}).then(response => {\n  expect(response.status).to.equal(200);\n  expect(response.body.likedBy[response.body.likedBy.length - 1]).to.have.property(\"username\", \"Tester\");\n});",
              "err": {
                "message": "CypressError: `cy.setCookie()` must be passed two string arguments for `name` and `value`.\n\nhttps://on.cypress.io/setcookie",
                "estack": "CypressError: `cy.setCookie()` must be passed two string arguments for `name` and `value`.\n\nhttps://on.cypress.io/setcookie\n    at Context.setCookie (http://localhost:8090/__cypress/runner/cypress_runner.js:119909:70)\n    at wrapped (http://localhost:8090/__cypress/runner/cypress_runner.js:138084:43)\nFrom Your Spec Code:\n    at Context.eval (webpack:///./cypress/e2e/test.cy.js:195:7)",
                "diff": null
              },
              "uuid": "f3bc96fb-7a47-4368-ba1f-5d81151e0cda",
              "parentUUID": "4182b0ce-02af-4e5d-95b9-3b69240b93c5",
              "isHook": false,
              "skipped": false
            },
            {
              "title": "should add comment to a blog - marks 0.5",
              "fullTitle": "Blog App  should add comment to a blog - marks 0.5",
              "timedOut": null,
              "duration": 95,
              "state": "failed",
              "speed": null,
              "pass": false,
              "fail": true,
              "pending": false,
              "context": null,
              "code": "cy.setCookie(\"role\", roleCookie);\ncy.setCookie(\"id\", idCookie);\ncy.request(\"PATCH\", `http://localhost:8090/blog/comment/${blogId}`, {\n  text: \"testing comment\"\n}).then(response => {\n  expect(response.status).to.equal(200);\n  expect(response.body.comments[response.body.comments.length - 1]).to.have.property(\"text\", \"testing comment\");\n});",
              "err": {
                "message": "CypressError: `cy.setCookie()` must be passed two string arguments for `name` and `value`.\n\nhttps://on.cypress.io/setcookie",
                "estack": "CypressError: `cy.setCookie()` must be passed two string arguments for `name` and `value`.\n\nhttps://on.cypress.io/setcookie\n    at Context.setCookie (http://localhost:8090/__cypress/runner/cypress_runner.js:119909:70)\n    at wrapped (http://localhost:8090/__cypress/runner/cypress_runner.js:138084:43)\nFrom Your Spec Code:\n    at Context.eval (webpack:///./cypress/e2e/test.cy.js:209:7)",
                "diff": null
              },
              "uuid": "802a21f8-06aa-4305-bb92-8a2018dbea2b",
              "parentUUID": "4182b0ce-02af-4e5d-95b9-3b69240b93c5",
              "isHook": false,
              "skipped": false
            },
            {
              "title": "should filter blog by category - marks 0.5 ",
              "fullTitle": "Blog App  should filter blog by category - marks 0.5 ",
              "timedOut": null,
              "duration": 106,
              "state": "failed",
              "speed": null,
              "pass": false,
              "fail": true,
              "pending": false,
              "context": null,
              "code": "const queryParams = {\n  category: \"technology\"\n};\n// Send a GET request to filter movies\ncy.request(\"GET\", \"http://localhost:8090/blog/blogs\", queryParams).then(response => {\n  expect(response.status).to.equal(200);\n  // Add assertions to check the filtered movies\n  // For example, assuming the response is an array of movies:\n  expect(response.body).to.be.an(\"array\");\n  expect(response.body).to.have.length.greaterThan(0);\n  // Check if each movie in the response matches the filter criteria\n});",
              "err": {
                "message": "CypressError: `cy.request()` failed on:\n\nhttp://localhost:8090/blog/blogs\n\nThe response we received from your web server was:\n\n  > 403: Forbidden\n\nThis was considered a failure because the status code was not `2xx` or `3xx`.\n\nIf you do not want status codes to cause failures pass the option: `failOnStatusCode: false`\n\n-----------------------------------------------------------\n\nThe request we sent was:\n\nMethod: GET\nURL: http://localhost:8090/blog/blogs\nHeaders: {\n  \"Connection\": \"keep-alive\",\n  \"user-agent\": \"Mozilla/5.0 (Macintosh; Intel Mac OS X 10_15_7) AppleWebKit/537.36 (KHTML, like Gecko) HeadlessChrome/131.0.0.0 Safari/537.36\",\n  \"accept\": \"*/*\",\n  \"accept-encoding\": \"gzip, deflate\",\n  \"content-type\": \"application/json\",\n  \"content-length\": 25\n}\nBody: {\"category\":\"technology\"}\n\n-----------------------------------------------------------\n\nThe response we got was:\n\nStatus: 403 - Forbidden\nHeaders: {\n  \"vary\": \"Origin, Access-Control-Request-Method, Access-Control-Request-Headers\",\n  \"x-content-type-options\": \"nosniff\",\n  \"x-xss-protection\": \"0\",\n  \"cache-control\": \"no-cache, no-store, max-age=0, must-revalidate\",\n  \"pragma\": \"no-cache\",\n  \"expires\": \"0\",\n  \"x-frame-options\": \"DENY\",\n  \"content-length\": \"0\",\n  \"date\": \"Mon, 30 Dec 2024 06:51:17 GMT\",\n  \"keep-alive\": \"timeout=60\",\n  \"connection\": \"keep-alive\"\n}\n\n\nhttps://on.cypress.io/request",
                "estack": "CypressError: `cy.request()` failed on:\n\nhttp://localhost:8090/blog/blogs\n\nThe response we received from your web server was:\n\n  > 403: Forbidden\n\nThis was considered a failure because the status code was not `2xx` or `3xx`.\n\nIf you do not want status codes to cause failures pass the option: `failOnStatusCode: false`\n\n-----------------------------------------------------------\n\nThe request we sent was:\n\nMethod: GET\nURL: http://localhost:8090/blog/blogs\nHeaders: {\n  \"Connection\": \"keep-alive\",\n  \"user-agent\": \"Mozilla/5.0 (Macintosh; Intel Mac OS X 10_15_7) AppleWebKit/537.36 (KHTML, like Gecko) HeadlessChrome/131.0.0.0 Safari/537.36\",\n  \"accept\": \"*/*\",\n  \"accept-encoding\": \"gzip, deflate\",\n  \"content-type\": \"application/json\",\n  \"content-length\": 25\n}\nBody: {\"category\":\"technology\"}\n\n-----------------------------------------------------------\n\nThe response we got was:\n\nStatus: 403 - Forbidden\nHeaders: {\n  \"vary\": \"Origin, Access-Control-Request-Method, Access-Control-Request-Headers\",\n  \"x-content-type-options\": \"nosniff\",\n  \"x-xss-protection\": \"0\",\n  \"cache-control\": \"no-cache, no-store, max-age=0, must-revalidate\",\n  \"pragma\": \"no-cache\",\n  \"expires\": \"0\",\n  \"x-frame-options\": \"DENY\",\n  \"content-length\": \"0\",\n  \"date\": \"Mon, 30 Dec 2024 06:51:17 GMT\",\n  \"keep-alive\": \"timeout=60\",\n  \"connection\": \"keep-alive\"\n}\n\n\nhttps://on.cypress.io/request\n    at <unknown> (http://localhost:8090/__cypress/runner/cypress_runner.js:132876:72)\n    at tryCatcher (http://localhost:8090/__cypress/runner/cypress_runner.js:1830:23)\n    at Promise._settlePromiseFromHandler (http://localhost:8090/__cypress/runner/cypress_runner.js:1542:31)\n    at Promise._settlePromise (http://localhost:8090/__cypress/runner/cypress_runner.js:1599:18)\n    at Promise._settlePromise0 (http://localhost:8090/__cypress/runner/cypress_runner.js:1644:10)\n    at Promise._settlePromises (http://localhost:8090/__cypress/runner/cypress_runner.js:1724:18)\n    at _drainQueueStep (http://localhost:8090/__cypress/runner/cypress_runner.js:2430:12)\n    at _drainQueue (http://localhost:8090/__cypress/runner/cypress_runner.js:2423:9)\n    at Async._drainQueues (http://localhost:8090/__cypress/runner/cypress_runner.js:2439:5)\n    at Async.drainQueues (http://localhost:8090/__cypress/runner/cypress_runner.js:2309:14)\nFrom Your Spec Code:\n    at Context.eval (webpack:///./cypress/e2e/test.cy.js:228:7)",
                "diff": null
              },
              "uuid": "46c7eb65-36a7-4b01-8362-186deace3403",
              "parentUUID": "4182b0ce-02af-4e5d-95b9-3b69240b93c5",
              "isHook": false,
              "skipped": false
            },
            {
              "title": "should search  blog by category author ,title and spelling error - marks 1",
              "fullTitle": "Blog App  should search  blog by category author ,title and spelling error - marks 1",
              "timedOut": null,
              "duration": 94,
              "state": "failed",
              "speed": null,
              "pass": false,
              "fail": true,
              "pending": false,
              "context": null,
              "code": "const queryParams = {\n  blogs: \"test\"\n};\n// Send a GET request to filter movies\ncy.request(\"GET\", \"http://localhost:8090/blog/search?blogs=teste\").then(response => {\n  expect(response.status).to.equal(200);\n  // Add assertions to check the filtered movies\n  // For example, assuming the response is an array of movies:\n  expect(response.body).to.be.an(\"array\");\n  expect(response.body).to.have.length.greaterThan(0);\n  // Check if each movie in the response matches the filter criteria\n});",
              "err": {
                "message": "CypressError: `cy.request()` failed on:\n\nhttp://localhost:8090/blog/search?blogs=teste\n\nThe response we received from your web server was:\n\n  > 403: Forbidden\n\nThis was considered a failure because the status code was not `2xx` or `3xx`.\n\nIf you do not want status codes to cause failures pass the option: `failOnStatusCode: false`\n\n-----------------------------------------------------------\n\nThe request we sent was:\n\nMethod: GET\nURL: http://localhost:8090/blog/search?blogs=teste\nHeaders: {\n  \"Connection\": \"keep-alive\",\n  \"user-agent\": \"Mozilla/5.0 (Macintosh; Intel Mac OS X 10_15_7) AppleWebKit/537.36 (KHTML, like Gecko) HeadlessChrome/131.0.0.0 Safari/537.36\",\n  \"accept\": \"*/*\",\n  \"accept-encoding\": \"gzip, deflate\"\n}\n\n-----------------------------------------------------------\n\nThe response we got was:\n\nStatus: 403 - Forbidden\nHeaders: {\n  \"vary\": \"Origin, Access-Control-Request-Method, Access-Control-Request-Headers\",\n  \"x-content-type-options\": \"nosniff\",\n  \"x-xss-protection\": \"0\",\n  \"cache-control\": \"no-cache, no-store, max-age=0, must-revalidate\",\n  \"pragma\": \"no-cache\",\n  \"expires\": \"0\",\n  \"x-frame-options\": \"DENY\",\n  \"content-length\": \"0\",\n  \"date\": \"Mon, 30 Dec 2024 06:51:17 GMT\",\n  \"keep-alive\": \"timeout=60\",\n  \"connection\": \"keep-alive\"\n}\nBody: \n\n\nhttps://on.cypress.io/request",
                "estack": "CypressError: `cy.request()` failed on:\n\nhttp://localhost:8090/blog/search?blogs=teste\n\nThe response we received from your web server was:\n\n  > 403: Forbidden\n\nThis was considered a failure because the status code was not `2xx` or `3xx`.\n\nIf you do not want status codes to cause failures pass the option: `failOnStatusCode: false`\n\n-----------------------------------------------------------\n\nThe request we sent was:\n\nMethod: GET\nURL: http://localhost:8090/blog/search?blogs=teste\nHeaders: {\n  \"Connection\": \"keep-alive\",\n  \"user-agent\": \"Mozilla/5.0 (Macintosh; Intel Mac OS X 10_15_7) AppleWebKit/537.36 (KHTML, like Gecko) HeadlessChrome/131.0.0.0 Safari/537.36\",\n  \"accept\": \"*/*\",\n  \"accept-encoding\": \"gzip, deflate\"\n}\n\n-----------------------------------------------------------\n\nThe response we got was:\n\nStatus: 403 - Forbidden\nHeaders: {\n  \"vary\": \"Origin, Access-Control-Request-Method, Access-Control-Request-Headers\",\n  \"x-content-type-options\": \"nosniff\",\n  \"x-xss-protection\": \"0\",\n  \"cache-control\": \"no-cache, no-store, max-age=0, must-revalidate\",\n  \"pragma\": \"no-cache\",\n  \"expires\": \"0\",\n  \"x-frame-options\": \"DENY\",\n  \"content-length\": \"0\",\n  \"date\": \"Mon, 30 Dec 2024 06:51:17 GMT\",\n  \"keep-alive\": \"timeout=60\",\n  \"connection\": \"keep-alive\"\n}\nBody: \n\n\nhttps://on.cypress.io/request\n    at <unknown> (http://localhost:8090/__cypress/runner/cypress_runner.js:132876:72)\n    at tryCatcher (http://localhost:8090/__cypress/runner/cypress_runner.js:1830:23)\n    at Promise._settlePromiseFromHandler (http://localhost:8090/__cypress/runner/cypress_runner.js:1542:31)\n    at Promise._settlePromise (http://localhost:8090/__cypress/runner/cypress_runner.js:1599:18)\n    at Promise._settlePromise0 (http://localhost:8090/__cypress/runner/cypress_runner.js:1644:10)\n    at Promise._settlePromises (http://localhost:8090/__cypress/runner/cypress_runner.js:1724:18)\n    at _drainQueueStep (http://localhost:8090/__cypress/runner/cypress_runner.js:2430:12)\n    at _drainQueue (http://localhost:8090/__cypress/runner/cypress_runner.js:2423:9)\n    at Async._drainQueues (http://localhost:8090/__cypress/runner/cypress_runner.js:2439:5)\n    at Async.drainQueues (http://localhost:8090/__cypress/runner/cypress_runner.js:2309:14)\nFrom Your Spec Code:\n    at Context.eval (webpack:///./cypress/e2e/test.cy.js:248:7)",
                "diff": null
              },
              "uuid": "61132b2e-2812-4be0-9a70-69af1aaf928b",
              "parentUUID": "4182b0ce-02af-4e5d-95b9-3b69240b93c5",
              "isHook": false,
              "skipped": false
            },
            {
              "title": "should delete blog by admin only - marks 0.5",
              "fullTitle": "Blog App  should delete blog by admin only - marks 0.5",
              "timedOut": null,
              "duration": 96,
              "state": "failed",
              "speed": null,
              "pass": false,
              "fail": true,
              "pending": false,
              "context": null,
              "code": "cy.setCookie(\"role\", roleCookie);\ncy.setCookie(\"id\", idCookie);\n// Delete the user by ID (assuming you have a separate test for registration)\ncy.request(\"DELETE\", `http://localhost:8090/blog/delete/${blogId}`).then(response => {\n  expect(response.status).to.equal(200);\n});",
              "err": {
                "message": "CypressError: `cy.setCookie()` must be passed two string arguments for `name` and `value`.\n\nhttps://on.cypress.io/setcookie",
                "estack": "CypressError: `cy.setCookie()` must be passed two string arguments for `name` and `value`.\n\nhttps://on.cypress.io/setcookie\n    at Context.setCookie (http://localhost:8090/__cypress/runner/cypress_runner.js:119909:70)\n    at wrapped (http://localhost:8090/__cypress/runner/cypress_runner.js:138084:43)\nFrom Your Spec Code:\n    at Context.eval (webpack:///./cypress/e2e/test.cy.js:263:7)",
                "diff": null
              },
              "uuid": "5d9b3662-a37a-4274-a915-20a00541d4e0",
              "parentUUID": "4182b0ce-02af-4e5d-95b9-3b69240b93c5",
              "isHook": false,
              "skipped": false
            },
            {
              "title": "should get a welcome message from the movie API - marks 0",
              "fullTitle": "Blog App  should get a welcome message from the movie API - marks 0",
              "timedOut": null,
              "duration": 110,
              "state": "failed",
              "speed": null,
              "pass": false,
              "fail": true,
              "pending": false,
              "context": null,
              "code": "cy.request(\"GET\", \"http://localhost:8090/\").then(response => {\n  expect(response.status).to.equal(200);\n  expect(response.body).to.equal(\"Welcome to the movie API\");\n});",
              "err": {
                "message": "CypressError: `cy.request()` failed on:\n\nhttp://localhost:8090/\n\nThe response we received from your web server was:\n\n  > 403: Forbidden\n\nThis was considered a failure because the status code was not `2xx` or `3xx`.\n\nIf you do not want status codes to cause failures pass the option: `failOnStatusCode: false`\n\n-----------------------------------------------------------\n\nThe request we sent was:\n\nMethod: GET\nURL: http://localhost:8090/\nHeaders: {\n  \"Connection\": \"keep-alive\",\n  \"user-agent\": \"Mozilla/5.0 (Macintosh; Intel Mac OS X 10_15_7) AppleWebKit/537.36 (KHTML, like Gecko) HeadlessChrome/131.0.0.0 Safari/537.36\",\n  \"accept\": \"*/*\",\n  \"accept-encoding\": \"gzip, deflate\"\n}\n\n-----------------------------------------------------------\n\nThe response we got was:\n\nStatus: 403 - Forbidden\nHeaders: {\n  \"vary\": \"Origin, Access-Control-Request-Method, Access-Control-Request-Headers\",\n  \"x-content-type-options\": \"nosniff\",\n  \"x-xss-protection\": \"0\",\n  \"cache-control\": \"no-cache, no-store, max-age=0, must-revalidate\",\n  \"pragma\": \"no-cache\",\n  \"expires\": \"0\",\n  \"x-frame-options\": \"DENY\",\n  \"content-length\": \"0\",\n  \"date\": \"Mon, 30 Dec 2024 06:51:17 GMT\",\n  \"keep-alive\": \"timeout=60\",\n  \"connection\": \"keep-alive\"\n}\nBody: \n\n\nhttps://on.cypress.io/request",
                "estack": "CypressError: `cy.request()` failed on:\n\nhttp://localhost:8090/\n\nThe response we received from your web server was:\n\n  > 403: Forbidden\n\nThis was considered a failure because the status code was not `2xx` or `3xx`.\n\nIf you do not want status codes to cause failures pass the option: `failOnStatusCode: false`\n\n-----------------------------------------------------------\n\nThe request we sent was:\n\nMethod: GET\nURL: http://localhost:8090/\nHeaders: {\n  \"Connection\": \"keep-alive\",\n  \"user-agent\": \"Mozilla/5.0 (Macintosh; Intel Mac OS X 10_15_7) AppleWebKit/537.36 (KHTML, like Gecko) HeadlessChrome/131.0.0.0 Safari/537.36\",\n  \"accept\": \"*/*\",\n  \"accept-encoding\": \"gzip, deflate\"\n}\n\n-----------------------------------------------------------\n\nThe response we got was:\n\nStatus: 403 - Forbidden\nHeaders: {\n  \"vary\": \"Origin, Access-Control-Request-Method, Access-Control-Request-Headers\",\n  \"x-content-type-options\": \"nosniff\",\n  \"x-xss-protection\": \"0\",\n  \"cache-control\": \"no-cache, no-store, max-age=0, must-revalidate\",\n  \"pragma\": \"no-cache\",\n  \"expires\": \"0\",\n  \"x-frame-options\": \"DENY\",\n  \"content-length\": \"0\",\n  \"date\": \"Mon, 30 Dec 2024 06:51:17 GMT\",\n  \"keep-alive\": \"timeout=60\",\n  \"connection\": \"keep-alive\"\n}\nBody: \n\n\nhttps://on.cypress.io/request\n    at <unknown> (http://localhost:8090/__cypress/runner/cypress_runner.js:132876:72)\n    at tryCatcher (http://localhost:8090/__cypress/runner/cypress_runner.js:1830:23)\n    at Promise._settlePromiseFromHandler (http://localhost:8090/__cypress/runner/cypress_runner.js:1542:31)\n    at Promise._settlePromise (http://localhost:8090/__cypress/runner/cypress_runner.js:1599:18)\n    at Promise._settlePromise0 (http://localhost:8090/__cypress/runner/cypress_runner.js:1644:10)\n    at Promise._settlePromises (http://localhost:8090/__cypress/runner/cypress_runner.js:1724:18)\n    at _drainQueueStep (http://localhost:8090/__cypress/runner/cypress_runner.js:2430:12)\n    at _drainQueue (http://localhost:8090/__cypress/runner/cypress_runner.js:2423:9)\n    at Async._drainQueues (http://localhost:8090/__cypress/runner/cypress_runner.js:2439:5)\n    at Async.drainQueues (http://localhost:8090/__cypress/runner/cypress_runner.js:2309:14)\nFrom Your Spec Code:\n    at Context.eval (webpack:///./cypress/e2e/test.cy.js:275:7)",
                "diff": null
              },
              "uuid": "243b37c8-ab3e-49f9-803c-552b21a8f02b",
              "parentUUID": "4182b0ce-02af-4e5d-95b9-3b69240b93c5",
              "isHook": false,
              "skipped": false
            }
          ],
          "suites": [],
          "passes": [],
          "failures": [
            "9be54dba-d9d5-4ea3-9605-9fb7c133f679",
            "9b4f4f7f-3d87-4473-b75b-56c41fd5c61d",
            "dd42a92e-f1b6-4ce8-aab6-dffd845e78cf",
            "ac993677-97b3-4799-9d78-fdbdb785242b",
            "1db9a74c-b6b3-4af8-8937-1202fd24c46e",
            "246d7e91-a9e2-4f01-8fc4-20cb8d9c0297",
            "e58f3274-dc80-44f3-8cac-15f54a67b740",
            "eca8ed9e-d1dc-4a4c-a949-77fd15d6bfb7",
            "ea0eb90e-6275-40ec-9a6a-aafd7ece6820",
            "f3bc96fb-7a47-4368-ba1f-5d81151e0cda",
            "802a21f8-06aa-4305-bb92-8a2018dbea2b",
            "46c7eb65-36a7-4b01-8362-186deace3403",
            "61132b2e-2812-4be0-9a70-69af1aaf928b",
            "5d9b3662-a37a-4274-a915-20a00541d4e0",
            "243b37c8-ab3e-49f9-803c-552b21a8f02b"
          ],
          "pending": [],
          "skipped": [],
          "duration": 2354,
          "root": false,
          "rootEmpty": false,
          "_timeout": 2000
        }
      ],
      "passes": [],
      "failures": [],
      "pending": [],
      "skipped": [],
      "duration": 0,
      "root": true,
      "rootEmpty": true,
      "_timeout": 2000
    }
  ],
  "meta": {
    "mocha": {
      "version": "7.0.1"
    },
    "mochawesome": {
      "options": {
        "quiet": false,
        "reportFilename": "mochawesome",
        "saveHtml": false,
        "saveJson": true,
        "consoleReporter": "spec",
        "useInlineDiffs": false,
        "code": true
      },
      "version": "7.1.3"
    },
    "marge": {
      "options": {
        "reportDir": ".github/workflows/cypress/results",
        "overwrite": true,
        "html": false,
        "json": true
      },
      "version": "6.2.0"
    }
  }
}