{
  "stats": {
    "suites": 1,
    "tests": 1,
    "passes": 1,
    "pending": 0,
    "failures": 0,
    "start": "2024-12-30T06:58:22.904Z",
    "end": "2024-12-30T06:58:22.952Z",
    "duration": 48,
    "testsRegistered": 1,
    "passPercent": 100,
    "pendingPercent": 0,
    "other": 0,
    "hasOther": false,
    "skipped": 0,
    "hasSkipped": false
  },
  "results": [
    {
      "uuid": "00a3fbd7-6bf8-4e7e-bd55-da2c98c4eedc",
      "title": "",
      "fullFile": ".github/workflows/cypress/e2e/test.cy.js",
      "file": ".github/workflows/cypress/e2e/test.cy.js",
      "beforeHooks": [],
      "afterHooks": [],
      "tests": [],
      "suites": [
        {
          "uuid": "b9eef974-6bc7-4af7-908b-da4a0c248c1f",
          "title": "Basic Server Tests",
          "fullFile": "",
          "file": "",
          "beforeHooks": [],
          "afterHooks": [],
          "tests": [
            {
              "title": "should return the correct welcome message",
              "fullTitle": "Basic Server Tests should return the correct welcome message",
              "timedOut": null,
              "duration": 39,
              "state": "passed",
              "speed": "fast",
              "pass": true,
              "fail": false,
              "pending": false,
              "context": null,
              "code": "// Visit the root URL\ncy.request(\"GET\", \"/\").then(response => {\n  // Check the status code\n  expect(response.status).to.equal(200);\n  // Check the response body\n  expect(response.body).to.equal(\"Welcome to the world!\");\n});",
              "err": {},
              "uuid": "604ed98e-9603-4919-b5ca-105fb1157241",
              "parentUUID": "b9eef974-6bc7-4af7-908b-da4a0c248c1f",
              "isHook": false,
              "skipped": false
            }
          ],
          "suites": [],
          "passes": [
            "604ed98e-9603-4919-b5ca-105fb1157241"
          ],
          "failures": [],
          "pending": [],
          "skipped": [],
          "duration": 39,
          "root": false,
          "rootEmpty": false,
          "_timeout": 2000
        }
      ],
      "passes": [],
      "failures": [],
      "pending": [],
      "skipped": [],
      "duration": 0,
      "root": true,
      "rootEmpty": true,
      "_timeout": 2000
    }
  ],
  "meta": {
    "mocha": {
      "version": "7.0.1"
    },
    "mochawesome": {
      "options": {
        "quiet": false,
        "reportFilename": "mochawesome",
        "saveHtml": false,
        "saveJson": true,
        "consoleReporter": "spec",
        "useInlineDiffs": false,
        "code": true
      },
      "version": "7.1.3"
    },
    "marge": {
      "options": {
        "reportDir": ".github/workflows/cypress/results",
        "overwrite": true,
        "html": false,
        "json": true
      },
      "version": "6.2.0"
    }
  }
}